/Users/vincetruong/Back-end/uploads/
saving /Users/vincetruong/Back-end/uploads/538E114E-FF79-4FB6-83A8-93B29F87DAAC.png
/Users/vincetruong/Back-end/uploads/
saving /Users/vincetruong/Back-end/uploads/CE3976DF-519F-4522-9AF0-59AA88A38207.png
/Users/vincetruong/Back-end/uploads/
saving /Users/vincetruong/Back-end/uploads/7F29A56F-7DEE-4355-9A9B-9F137B277FBE.png
/Users/vincetruong/Back-end/uploads/
saving /Users/vincetruong/Back-end/uploads/95EAFB4C-002E-4807-A42F-FF91618DCFC6.jpg
/Users/vincetruong/Back-end/uploads/
saving /Users/vincetruong/Back-end/uploads/16CC21E5-ED93-46F9-8756-B7B151E8E9B6.png
/Users/vincetruong/Back-end/uploads/
saving /Users/vincetruong/Back-end/uploads/2D1650A9-883E-4337-A701-A35A09F663EE.png
/Users/vincetruong/Back-end/uploads/
saving /Users/vincetruong/Back-end/uploads/FA0E5875-B27E-484C-8BF9-33426109699A.png
/Users/vincetruong/Back-end/uploads/
saving /Users/vincetruong/Back-end/uploads/CBEFD93E-331E-4C2B-9629-85A6BCA9B057.png
/Users/vincetruong/Back-end/uploads/
saving /Users/vincetruong/Back-end/uploads/47DC1754-8712-4042-887A-21CEC724B6D1.png
/Users/vincetruong/Back-end/uploads/
saving /Users/vincetruong/Back-end/uploads/A1E6C3BD-79D7-436D-B94F-8E5F884C92E0.png
/Users/vincetruong/Back-end/uploads/
saving /Users/vincetruong/Back-end/uploads/29795899-564D-4871-9082-489E8781A359.png
/Users/vincetruong/Back-end/uploads/
saving /Users/vincetruong/Back-end/uploads/AE4F458D-BD84-4A20-8CBD-4C9A83B2E19F.png
/Users/vincetruong/Back-end/uploads/
saving /Users/vincetruong/Back-end/uploads/1A088F04-8288-4428-B95A-FEF8F9A4FDFC.png
/Users/vincetruong/Back-end/uploads/
saving /Users/vincetruong/Back-end/uploads/7CEA388E-95AA-4525-8EAE-261EFEC54C94.png
/Users/vincetruong/Back-end/uploads/
saving /Users/vincetruong/Back-end/uploads/0C23DDC6-E2B4-4D84-AAF9-EDBFACDA17BB.png
/Users/vincetruong/Back-end/uploads/
saving /Users/vincetruong/Back-end/uploads/3C73ECCF-8538-4D34-8F94-0CFF0D4BA648.png
/Users/vincetruong/Back-end/uploads/
saving /Users/vincetruong/Back-end/uploads/30C11306-A5EF-40C7-A073-CFF2978B7629.png
/Users/vincetruong/Back-end/uploads/
saving /Users/vincetruong/Back-end/uploads/46616557-961F-48B9-8515-0728A28D171C.png
/Users/vincetruong/Back-end/uploads/
saving /Users/vincetruong/Back-end/uploads/1D0C4801-C30C-49AC-8FE6-258E957D9614.png
/Users/vincetruong/Back-end/uploads/
saving /Users/vincetruong/Back-end/uploads/B3DF495A-3A6D-4E2E-80E8-BB5245FB19F4.png
/Users/vincetruong/Back-end/uploads/
saving /Users/vincetruong/Back-end/uploads/0678A9B0-E46D-4D9E-A656-F02EAECE6E30.png
/Users/vincetruong/Back-end/uploads/
saving /Users/vincetruong/Back-end/uploads/9817473F-7B80-4E95-8312-184B123AF237.png
/Users/vincetruong/Back-end/uploads/
saving /Users/vincetruong/Back-end/uploads/0605D238-2417-46C4-83D6-DE1065262F60.jpg
/Users/vincetruong/Back-end/uploads/
saving /Users/vincetruong/Back-end/uploads/F31A8956-EA0E-484F-9976-5EB0C2E4E648.jpg
/Users/vincetruong/Back-end/uploads/
saving /Users/vincetruong/Back-end/uploads/0D938E52-6388-442F-8EFF-ED3CE79DCDCC.jpg
/Users/vincetruong/Back-end/uploads/
saving /Users/vincetruong/Back-end/uploads/6D2CD2DE-A200-4668-A78A-C9780D881D3C.jpg
/Users/vincetruong/Back-end/uploads/
saving /Users/vincetruong/Back-end/uploads/E5897600-E16C-43AE-A3F7-B85672C6FE46.jpg
